<?xml version="1.0" encoding="UTF-8"?>
<!-- Generated by org.testng.reporters.JUnitReportReporter -->
<testsuite hostname="osboxes" name="com.music.tests.UploadFileAndFindGenere" tests="1" failures="0" timestamp="15 Mar 2019 09:19:42 GMT" time="20.032" errors="0">
  <testcase name="TestCase" time="20.032" classname="com.music.tests.UploadFileAndFindGenere"/>
</testsuite> <!-- com.music.tests.UploadFileAndFindGenere -->
